#
# There is insufficient memory for the Java Runtime Environment to continue.
# Native memory allocation (malloc) failed to allocate 2097152 bytes for AllocateHeap
# Possible reasons:
#   The system is out of physical RAM or swap space
#   The process is running with CompressedOops enabled, and the Java Heap may be blocking the growth of the native heap
# Possible solutions:
#   Reduce memory load on the system
#   Increase physical memory or swap space
#   Check if swap backing store is full
#   Decrease Java heap size (-Xmx/-Xms)
#   Decrease number of Java threads
#   Decrease Java thread stack sizes (-Xss)
#   Set larger code cache with -XX:ReservedCodeCacheSize=
#   JVM is running with Unscaled Compressed Oops mode in which the Java heap is
#     placed in the first 4GB address space. The Java Heap base address is the
#     maximum limit for the native heap growth. Please use -XX:HeapBaseMinAddress
#     to set the Java Heap base and to place the Java Heap above 4GB virtual address.
# This output file may be truncated or incomplete.
#
#  Out of Memory Error (allocation.cpp:44), pid=16116, tid=6652
#
# JRE version: OpenJDK Runtime Environment Temurin-17.0.6+10 (17.0.6+10) (build 17.0.6+10)
# Java VM: OpenJDK 64-Bit Server VM Temurin-17.0.6+10 (17.0.6+10, mixed mode, emulated-client, tiered, compressed oops, compressed class ptrs, g1 gc, windows-amd64)
# No core dump will be written. Minidumps are not enabled by default on client versions of Windows
#

---------------  S U M M A R Y ------------

Command Line: -XX:+HeapDumpOnOutOfMemoryError -Xmx1024m -Dsts.lsp.client=vscode -Dsts.log.file=/dev/null -XX:TieredStopAtLevel=1 -Xlog:jni+resolve=off -Dspring.config.location=file:c:\Users\TANVI\.vscode\extensions\vmware.vscode-spring-boot-1.45.0\language-server\BOOT-INF\classes\application.properties org.springframework.ide.vscode.boot.app.BootLanguageServerBootApp

Host: 11th Gen Intel(R) Core(TM) i3-1115G4 @ 3.00GHz, 4 cores, 3G,  Windows 11 , 64 bit Build 22000 (10.0.22000.1516)
Time: Fri Mar 17 19:01:09 2023 India Standard Time elapsed time: 954.057993 seconds (0d 0h 15m 54s)

---------------  T H R E A D  ---------------

Current thread (0x000002c4aaa6d0c0):  VMThread "VM Thread" [stack: 0x000000e07bf00000,0x000000e07c000000] [id=6652]

Stack: [0x000000e07bf00000,0x000000e07c000000]
Native frames: (J=compiled Java code, j=interpreted, Vv=VM code, C=native code)
V  [jvm.dll+0x67741a]
V  [jvm.dll+0x834434]
V  [jvm.dll+0x835bde]
V  [jvm.dll+0x836243]
V  [jvm.dll+0x2457b5]
V  [jvm.dll+0xa626f]
V  [jvm.dll+0x2f5b61]
V  [jvm.dll+0x2f17e0]
V  [jvm.dll+0x2d9ee7]
V  [jvm.dll+0x31ce67]
V  [jvm.dll+0x83a6eb]
V  [jvm.dll+0x83b424]
V  [jvm.dll+0x83b93c]
V  [jvm.dll+0x83bd14]
V  [jvm.dll+0x83bde0]
V  [jvm.dll+0x7e483a]
V  [jvm.dll+0x6762c5]
C  [ucrtbase.dll+0x26c0c]
C  [KERNEL32.DLL+0x155a0]
C  [ntdll.dll+0x485b]

VM_Operation (0x000000e07d1feb10): G1CollectFull, mode: safepoint, requested by thread 0x000002c4ad278ed0


---------------  P R O C E S S  ---------------

Threads class SMR info:
_java_thread_list=0x000002c4ad443f50, length=18, elements={
0x000002c4aaa74840, 0x000002c4aaa77e20, 0x000002c4aaa8fcb0, 0x000002c4aaa90660,
0x000002c4aaa91010, 0x000002c4aaa919c0, 0x000002c4aaa92420, 0x000002c4aaa92e10,
0x000002c4ab6b5dc0, 0x000002c4ab6e3440, 0x000002c4abde8430, 0x000002c4ad21f890,
0x000002c4ad278ed0, 0x000002c4ab61a950, 0x000002c4a0556930, 0x000002c4abdc7a60,
0x000002c4ad0d4570, 0x000002c4ad432450
}

Java Threads: ( => current thread )
  0x000002c4aaa74840 JavaThread "Reference Handler" daemon [_thread_blocked, id=14912, stack(0x000000e07c000000,0x000000e07c100000)]
  0x000002c4aaa77e20 JavaThread "Finalizer" daemon [_thread_blocked, id=17692, stack(0x000000e07c100000,0x000000e07c200000)]
  0x000002c4aaa8fcb0 JavaThread "Signal Dispatcher" daemon [_thread_blocked, id=21388, stack(0x000000e07c200000,0x000000e07c300000)]
  0x000002c4aaa90660 JavaThread "Attach Listener" daemon [_thread_blocked, id=25168, stack(0x000000e07c300000,0x000000e07c400000)]
  0x000002c4aaa91010 JavaThread "Service Thread" daemon [_thread_blocked, id=9368, stack(0x000000e07c400000,0x000000e07c500000)]
  0x000002c4aaa919c0 JavaThread "Monitor Deflation Thread" daemon [_thread_blocked, id=8600, stack(0x000000e07c500000,0x000000e07c600000)]
  0x000002c4aaa92420 JavaThread "C1 CompilerThread0" daemon [_thread_blocked, id=18464, stack(0x000000e07c600000,0x000000e07c700000)]
  0x000002c4aaa92e10 JavaThread "Sweeper thread" daemon [_thread_blocked, id=24292, stack(0x000000e07c700000,0x000000e07c800000)]
  0x000002c4ab6b5dc0 JavaThread "Notification Thread" daemon [_thread_blocked, id=22372, stack(0x000000e07c900000,0x000000e07ca00000)]
  0x000002c4ab6e3440 JavaThread "Common-Cleaner" daemon [_thread_blocked, id=25452, stack(0x000000e07cb00000,0x000000e07cc00000)]
  0x000002c4abde8430 JavaThread "boundedElastic-evictor-1" daemon [_thread_blocked, id=25024, stack(0x000000e07cf00000,0x000000e07d000000)]
  0x000002c4ad21f890 JavaThread "boundedElastic-evictor-2" daemon [_thread_blocked, id=19484, stack(0x000000e07d000000,0x000000e07d100000)]
  0x000002c4ad278ed0 JavaThread "pool-10-thread-1" [_thread_blocked, id=22252, stack(0x000000e07d100000,0x000000e07d200000)]
  0x000002c4ab61a950 JavaThread "LanguageServerApp-lifecycle" [_thread_blocked, id=18820, stack(0x000000e07d200000,0x000000e07d300000)]
  0x000002c4a0556930 JavaThread "DestroyJavaVM" [_thread_blocked, id=1400, stack(0x000000e07b900000,0x000000e07ba00000)]
  0x000002c4abdc7a60 JavaThread "pool-11-thread-1" [_thread_in_native, id=12468, stack(0x000000e07d300000,0x000000e07d400000)]
  0x000002c4ad0d4570 JavaThread "Simple-Language-Server main thread" daemon [_thread_blocked, id=16396, stack(0x000000e07d400000,0x000000e07d500000)]
  0x000002c4ad432450 JavaThread "pool-6-thread-1" [_thread_blocked, id=14868, stack(0x000000e07d500000,0x000000e07d600000)]

Other Threads:
=>0x000002c4aaa6d0c0 VMThread "VM Thread" [stack: 0x000000e07bf00000,0x000000e07c000000] [id=6652]
  0x000002c4ab6b6a90 WatcherThread [stack: 0x000000e07ca00000,0x000000e07cb00000] [id=21960]
  0x000002c4a0592440 GCTaskThread "GC Thread#0" [stack: 0x000000e07ba00000,0x000000e07bb00000] [id=13808]
  0x000002c4abe150c0 GCTaskThread "GC Thread#1" [stack: 0x000000e07cc00000,0x000000e07cd00000] [id=25336]
  0x000002c4abe91360 GCTaskThread "GC Thread#2" [stack: 0x000000e07cd00000,0x000000e07ce00000] [id=16424]
  0x000002c4ac07f030 GCTaskThread "GC Thread#3" [stack: 0x000000e07ce00000,0x000000e07cf00000] [id=8336]
  0x000002c4a059b380 ConcurrentGCThread "G1 Main Marker" [stack: 0x000000e07bb00000,0x000000e07bc00000] [id=3400]
  0x000002c4a059cf00 ConcurrentGCThread "G1 Conc#0" [stack: 0x000000e07bc00000,0x000000e07bd00000] [id=15384]
  0x000002c4a05dd4e0 ConcurrentGCThread "G1 Refine#0" [stack: 0x000000e07bd00000,0x000000e07be00000] [id=22600]
  0x000002c4a05ddf00 ConcurrentGCThread "G1 Service" [stack: 0x000000e07be00000,0x000000e07bf00000] [id=24680]

Threads with active compile tasks:

VM state: at safepoint (normal execution)

VM Mutex/Monitor currently owned by a thread:  ([mutex/lock_event])
[0x000002c49e41b960] Threads_lock - owner thread: 0x000002c4aaa6d0c0
[0x000002c4a05493d0] Heap_lock - owner thread: 0x000002c4ad278ed0

Heap address: 0x00000000c0000000, size: 1024 MB, Compressed Oops mode: 32-bit

CDS archive(s) not mapped
Compressed class space mapped at: 0x0000000100000000-0x0000000140000000, reserved size: 1073741824
Narrow klass base: 0x0000000000000000, Narrow klass shift: 3, Narrow klass range: 0x140000000

GC Precious Log:
 CPUs: 4 total, 4 available
 Memory: 3818M
 Large Page Support: Disabled
 NUMA Support: Disabled
 Compressed Oops: Enabled (32-bit)
 Heap Region Size: 1M
 Heap Min Capacity: 8M
 Heap Initial Capacity: 60M
 Heap Max Capacity: 1G
 Pre-touch: Disabled
 Parallel Workers: 4
 Concurrent Workers: 1
 Concurrent Refinement Workers: 4
 Periodic GC: Disabled

Heap:
 garbage-first heap   total 48128K, used 14176K [0x00000000c0000000, 0x0000000100000000)
  region size 1024K, 1 young (1024K), 0 survivors (0K)
 Metaspace       used 34452K, committed 34944K, reserved 1081344K
  class space    used 4471K, committed 4672K, reserved 1048576K

Heap Regions: E=young(eden), S=young(survivor), O=old, HS=humongous(starts), HC=humongous(continues), CS=collection set, F=free, OA=open archive, CA=closed archive, TAMS=top-at-mark-start (previous, next)
|   0|0x00000000c0000000, 0x00000000c00fffe8, 0x00000000c0100000| 99%| O|  |TAMS 0x00000000c00fffe8, 0x00000000c0000000| Untracked 
|   1|0x00000000c0100000, 0x00000000c01ffff0, 0x00000000c0200000| 99%| O|  |TAMS 0x00000000c01ffff0, 0x00000000c0100000| Untracked 
|   2|0x00000000c0200000, 0x00000000c0300000, 0x00000000c0300000|100%| O|  |TAMS 0x00000000c0300000, 0x00000000c0200000| Untracked 
|   3|0x00000000c0300000, 0x00000000c0400000, 0x00000000c0400000|100%| O|  |TAMS 0x00000000c0400000, 0x00000000c0300000| Untracked 
|   4|0x00000000c0400000, 0x00000000c0500000, 0x00000000c0500000|100%| O|  |TAMS 0x00000000c0500000, 0x00000000c0400000| Untracked 
|   5|0x00000000c0500000, 0x00000000c0600000, 0x00000000c0600000|100%| O|  |TAMS 0x00000000c0600000, 0x00000000c0500000| Untracked 
|   6|0x00000000c0600000, 0x00000000c06fffb8, 0x00000000c0700000| 99%| O|  |TAMS 0x00000000c06fffb8, 0x00000000c0600000| Untracked 
|   7|0x00000000c0700000, 0x00000000c07ffd90, 0x00000000c0800000| 99%| O|  |TAMS 0x00000000c07ffd90, 0x00000000c0700000| Untracked 
|   8|0x00000000c0800000, 0x00000000c0900000, 0x00000000c0900000|100%| O|  |TAMS 0x00000000c0900000, 0x00000000c0800000| Untracked 
|   9|0x00000000c0900000, 0x00000000c09ffff8, 0x00000000c0a00000| 99%| O|  |TAMS 0x00000000c09ffff8, 0x00000000c0900000| Untracked 
|  10|0x00000000c0a00000, 0x00000000c0b00000, 0x00000000c0b00000|100%| O|  |TAMS 0x00000000c0b00000, 0x00000000c0a00000| Untracked 
|  11|0x00000000c0b00000, 0x00000000c0bfffd0, 0x00000000c0c00000| 99%| O|  |TAMS 0x00000000c0bfffd0, 0x00000000c0b00000| Untracked 
|  12|0x00000000c0c00000, 0x00000000c0ccde20, 0x00000000c0d00000| 80%| O|  |TAMS 0x00000000c0c00000, 0x00000000c0c00000| Untracked 
|  13|0x00000000c0d00000, 0x00000000c0dffff8, 0x00000000c0e00000| 99%| O|  |TAMS 0x00000000c0dffff8, 0x00000000c0d00000| Untracked 
|  14|0x00000000c0e00000, 0x00000000c0e0a8b8, 0x00000000c0f00000|  4%| O|  |TAMS 0x00000000c0e00000, 0x00000000c0e00000| Untracked 
|  15|0x00000000c0f00000, 0x00000000c0f00000, 0x00000000c1000000|  0%| F|  |TAMS 0x00000000c0f00000, 0x00000000c0f00000| Untracked 
|  16|0x00000000c1000000, 0x00000000c1000000, 0x00000000c1100000|  0%| F|  |TAMS 0x00000000c1000000, 0x00000000c1000000| Untracked 
|  17|0x00000000c1100000, 0x00000000c1100000, 0x00000000c1200000|  0%| F|  |TAMS 0x00000000c1100000, 0x00000000c1100000| Untracked 
|  18|0x00000000c1200000, 0x00000000c1200000, 0x00000000c1300000|  0%| F|  |TAMS 0x00000000c1200000, 0x00000000c1200000| Untracked 
|  19|0x00000000c1300000, 0x00000000c1300000, 0x00000000c1400000|  0%| F|  |TAMS 0x00000000c1300000, 0x00000000c1300000| Untracked 
|  20|0x00000000c1400000, 0x00000000c1400000, 0x00000000c1500000|  0%| F|  |TAMS 0x00000000c1400000, 0x00000000c1400000| Untracked 
|  21|0x00000000c1500000, 0x00000000c1500000, 0x00000000c1600000|  0%| F|  |TAMS 0x00000000c1500000, 0x00000000c1500000| Untracked 
|  22|0x00000000c1600000, 0x00000000c1600000, 0x00000000c1700000|  0%| F|  |TAMS 0x00000000c1600000, 0x00000000c1600000| Untracked 
|  23|0x00000000c1700000, 0x00000000c1700000, 0x00000000c1800000|  0%| F|  |TAMS 0x00000000c1700000, 0x00000000c1700000| Untracked 
|  24|0x00000000c1800000, 0x00000000c1800000, 0x00000000c1900000|  0%| F|  |TAMS 0x00000000c1800000, 0x00000000c1800000| Untracked 
|  25|0x00000000c1900000, 0x00000000c1900000, 0x00000000c1a00000|  0%| F|  |TAMS 0x00000000c1900000, 0x00000000c1900000| Untracked 
|  26|0x00000000c1a00000, 0x00000000c1a00000, 0x00000000c1b00000|  0%| F|  |TAMS 0x00000000c1a00000, 0x00000000c1a00000| Untracked 
|  27|0x00000000c1b00000, 0x00000000c1b00000, 0x00000000c1c00000|  0%| F|  |TAMS 0x00000000c1b00000, 0x00000000c1b00000| Untracked 
|  28|0x00000000c1c00000, 0x00000000c1c00000, 0x00000000c1d00000|  0%| F|  |TAMS 0x00000000c1c00000, 0x00000000c1c00000| Untracked 
|  29|0x00000000c1d00000, 0x00000000c1d00000, 0x00000000c1e00000|  0%| F|  |TAMS 0x00000000c1d00000, 0x00000000c1d00000| Untracked 
|  30|0x00000000c1e00000, 0x00000000c1e00000, 0x00000000c1f00000|  0%| F|  |TAMS 0x00000000c1e00000, 0x00000000c1e00000| Untracked 
|  31|0x00000000c1f00000, 0x00000000c1f00000, 0x00000000c2000000|  0%| F|  |TAMS 0x00000000c1f00000, 0x00000000c1f00000| Untracked 
|  32|0x00000000c2000000, 0x00000000c2000000, 0x00000000c2100000|  0%| F|  |TAMS 0x00000000c2000000, 0x00000000c2000000| Untracked 
|  33|0x00000000c2100000, 0x00000000c2100000, 0x00000000c2200000|  0%| F|  |TAMS 0x00000000c2100000, 0x00000000c2100000| Untracked 
|  34|0x00000000c2200000, 0x00000000c2200000, 0x00000000c2300000|  0%| F|  |TAMS 0x00000000c2200000, 0x00000000c2200000| Untracked 
|  35|0x00000000c2300000, 0x00000000c2300000, 0x00000000c2400000|  0%| F|  |TAMS 0x00000000c2300000, 0x00000000c2300000| Untracked 
|  36|0x00000000c2400000, 0x00000000c2400000, 0x00000000c2500000|  0%| F|  |TAMS 0x00000000c2400000, 0x00000000c2400000| Untracked 
|  37|0x00000000c2500000, 0x00000000c2500000, 0x00000000c2600000|  0%| F|  |TAMS 0x00000000c2500000, 0x00000000c2500000| Untracked 
|  38|0x00000000c2600000, 0x00000000c2600000, 0x00000000c2700000|  0%| F|  |TAMS 0x00000000c2600000, 0x00000000c2600000| Untracked 
|  39|0x00000000c2700000, 0x00000000c2700000, 0x00000000c2800000|  0%| F|  |TAMS 0x00000000c2700000, 0x00000000c2700000| Untracked 
|  40|0x00000000c2800000, 0x00000000c2800000, 0x00000000c2900000|  0%| F|  |TAMS 0x00000000c2800000, 0x00000000c2800000| Untracked 
|  41|0x00000000c2900000, 0x00000000c2900000, 0x00000000c2a00000|  0%| F|  |TAMS 0x00000000c2900000, 0x00000000c2900000| Untracked 
|  42|0x00000000c2a00000, 0x00000000c2a00000, 0x00000000c2b00000|  0%| F|  |TAMS 0x00000000c2a00000, 0x00000000c2a00000| Untracked 
|  43|0x00000000c2b00000, 0x00000000c2b00000, 0x00000000c2c00000|  0%| F|  |TAMS 0x00000000c2b00000, 0x00000000c2b00000| Untracked 
|  44|0x00000000c2c00000, 0x00000000c2c00000, 0x00000000c2d00000|  0%| F|  |TAMS 0x00000000c2c00000, 0x00000000c2c00000| Untracked 
|  58|0x00000000c3a00000, 0x00000000c3a00000, 0x00000000c3b00000|  0%| F|  |TAMS 0x00000000c3a00000, 0x00000000c3a00000| Untracked 
|  59|0x00000000c3b00000, 0x00000000c3b30a88, 0x00000000c3c00000| 19%| E|  |TAMS 0x00000000c3b00000, 0x00000000c3b00000| Complete 

Card table byte_map: [0x000002c4a61e0000,0x000002c4a63e0000] _byte_map_base: 0x000002c4a5be0000

Marking Bits (Prev, Next): (CMBitMap*) 0x000002c4a0592a50, (CMBitMap*) 0x000002c4a0592a90
 Prev Bits: [0x000002c4a65e0000, 0x000002c4a75e0000)
 Next Bits: [0x000002c4a75e0000, 0x000002c4a85e0000)

Polling page: 0x000002c49e520000

Metaspace:

Usage:
  Non-class:     29.28 MB used.
      Class:      4.37 MB used.
       Both:     33.65 MB used.

Virtual space:
  Non-class space:       32.00 MB reserved,      29.56 MB ( 92%) committed,  4 nodes.
      Class space:        1.00 GB reserved,       4.56 MB ( <1%) committed,  1 nodes.
             Both:        1.03 GB reserved,      34.12 MB (  3%) committed. 

Chunk freelists:
   Non-Class:  2.55 MB
       Class:  3.35 MB
        Both:  5.90 MB

MaxMetaspaceSize: unlimited
CompressedClassSpaceSize: 1.00 GB
Initial GC threshold: 21.00 MB
Current GC threshold: 56.88 MB
CDS: off
MetaspaceReclaimPolicy: balanced
 - commit_granule_bytes: 65536.
 - commit_granule_words: 8192.
 - virtual_space_node_default_size: 1048576.
 - enlarge_chunks_in_place: 1.
 - new_chunks_are_fully_committed: 0.
 - uncommit_free_chunks: 1.
 - use_allocation_guard: 0.
 - handle_deallocations: 1.


Internal statistics:

num_allocs_failed_limit: 5.
num_arena_births: 448.
num_arena_deaths: 126.
num_vsnodes_births: 5.
num_vsnodes_deaths: 0.
num_space_committed: 546.
num_space_uncommitted: 0.
num_chunks_returned_to_freelist: 150.
num_chunks_taken_from_freelist: 1459.
num_chunk_merges: 46.
num_chunk_splits: 983.
num_chunks_enlarged: 731.
num_purges: 4.
num_inconsistent_stats: 0.

CodeCache: size=49152Kb used=6276Kb max_used=6727Kb free=42875Kb
 bounds [0x000002c4a31e0000, 0x000002c4a3880000, 0x000002c4a61e0000]
 total_blobs=3837 nmethods=3304 adapters=460
 compilation: enabled
              stopped_count=0, restarted_count=0
 full_count=0

Compilation events (20 events):
Event: 872.015 Thread 0x000002c4aaa92420 3295       1       java.util.concurrent.locks.AbstractQueuedSynchronizer$Node::getAndUnsetStatus (14 bytes)
Event: 872.016 Thread 0x000002c4aaa92420 nmethod 3295 0x000002c4a3373690 code [0x000002c4a3373820, 0x000002c4a3373938]
Event: 872.016 Thread 0x000002c4aaa92420 3296       1       jdk.internal.misc.Unsafe::getAndBitwiseAndInt (27 bytes)
Event: 872.016 Thread 0x000002c4aaa92420 nmethod 3296 0x000002c4a3373310 code [0x000002c4a33734a0, 0x000002c4a33735b8]
Event: 872.016 Thread 0x000002c4aaa92420 3297       1       java.util.concurrent.locks.AbstractQueuedSynchronizer$Node::clearStatus (12 bytes)
Event: 872.017 Thread 0x000002c4aaa92420 nmethod 3297 0x000002c4a3373010 code [0x000002c4a33731a0, 0x000002c4a3373278]
Event: 872.017 Thread 0x000002c4aaa92420 3298       1       jdk.internal.misc.Unsafe::putIntOpaque (9 bytes)
Event: 872.017 Thread 0x000002c4aaa92420 nmethod 3298 0x000002c4a3372d10 code [0x000002c4a3372ea0, 0x000002c4a3372f78]
Event: 872.017 Thread 0x000002c4aaa92420 3299   !   1       java.util.concurrent.locks.AbstractQueuedSynchronizer::acquire (407 bytes)
Event: 872.029 Thread 0x000002c4aaa92420 nmethod 3299 0x000002c4a3371090 code [0x000002c4a3371360, 0x000002c4a3372548]
Event: 872.029 Thread 0x000002c4aaa92420 3301       1       java.util.concurrent.locks.AbstractQueuedSynchronizer$ConditionObject::unlinkCancelledWaiters (91 bytes)
Event: 872.030 Thread 0x000002c4aaa92420 nmethod 3301 0x000002c4a3370b10 code [0x000002c4a3370cc0, 0x000002c4a3370f58]
Event: 872.030 Thread 0x000002c4aaa92420 3300       1       java.util.concurrent.locks.ReentrantLock$NonfairSync::tryAcquire (27 bytes)
Event: 872.030 Thread 0x000002c4aaa92420 nmethod 3300 0x000002c4a3370790 code [0x000002c4a3370920, 0x000002c4a3370a98]
Event: 872.030 Thread 0x000002c4aaa92420 3302   !   1       java.util.concurrent.FutureTask::runAndReset (125 bytes)
Event: 872.041 Thread 0x000002c4aaa92420 nmethod 3302 0x000002c4a336f710 code [0x000002c4a336f980, 0x000002c4a33702b8]
Event: 872.041 Thread 0x000002c4aaa92420 3303       1       java.util.concurrent.ScheduledThreadPoolExecutor$ScheduledFutureTask::setNextRunTime (38 bytes)
Event: 872.042 Thread 0x000002c4aaa92420 nmethod 3303 0x000002c4a336f290 code [0x000002c4a336f440, 0x000002c4a336f628]
Event: 872.042 Thread 0x000002c4aaa92420 3304       1       java.util.concurrent.ScheduledThreadPoolExecutor::reExecutePeriodic (49 bytes)
Event: 872.044 Thread 0x000002c4aaa92420 nmethod 3304 0x000002c4a336ec90 code [0x000002c4a336ee80, 0x000002c4a336f0c8]

GC Heap History (20 events):
Event: 800.792 GC heap before
{Heap before GC invocations=84 (full 73):
 garbage-first heap   total 48128K, used 14143K [0x00000000c0000000, 0x0000000100000000)
  region size 1024K, 1 young (1024K), 0 survivors (0K)
 Metaspace       used 34436K, committed 34944K, reserved 1081344K
  class space    used 4465K, committed 4672K, reserved 1048576K
}
Event: 800.817 GC heap after
{Heap after GC invocations=85 (full 74):
 garbage-first heap   total 48128K, used 14143K [0x00000000c0000000, 0x0000000100000000)
  region size 1024K, 0 young (0K), 0 survivors (0K)
 Metaspace       used 34436K, committed 34944K, reserved 1081344K
  class space    used 4465K, committed 4672K, reserved 1048576K
}
Event: 810.966 GC heap before
{Heap before GC invocations=85 (full 74):
 garbage-first heap   total 48128K, used 14143K [0x00000000c0000000, 0x0000000100000000)
  region size 1024K, 1 young (1024K), 0 survivors (0K)
 Metaspace       used 34436K, committed 34944K, reserved 1081344K
  class space    used 4465K, committed 4672K, reserved 1048576K
}
Event: 810.980 GC heap after
{Heap after GC invocations=86 (full 75):
 garbage-first heap   total 48128K, used 14143K [0x00000000c0000000, 0x0000000100000000)
  region size 1024K, 0 young (0K), 0 survivors (0K)
 Metaspace       used 34436K, committed 34944K, reserved 1081344K
  class space    used 4465K, committed 4672K, reserved 1048576K
}
Event: 821.114 GC heap before
{Heap before GC invocations=86 (full 75):
 garbage-first heap   total 48128K, used 14143K [0x00000000c0000000, 0x0000000100000000)
  region size 1024K, 1 young (1024K), 0 survivors (0K)
 Metaspace       used 34436K, committed 34944K, reserved 1081344K
  class space    used 4465K, committed 4672K, reserved 1048576K
}
Event: 821.130 GC heap after
{Heap after GC invocations=87 (full 76):
 garbage-first heap   total 48128K, used 14143K [0x00000000c0000000, 0x0000000100000000)
  region size 1024K, 0 young (0K), 0 survivors (0K)
 Metaspace       used 34436K, committed 34944K, reserved 1081344K
  class space    used 4465K, committed 4672K, reserved 1048576K
}
Event: 831.245 GC heap before
{Heap before GC invocations=87 (full 76):
 garbage-first heap   total 48128K, used 14143K [0x00000000c0000000, 0x0000000100000000)
  region size 1024K, 1 young (1024K), 0 survivors (0K)
 Metaspace       used 34436K, committed 34944K, reserved 1081344K
  class space    used 4465K, committed 4672K, reserved 1048576K
}
Event: 831.262 GC heap after
{Heap after GC invocations=88 (full 77):
 garbage-first heap   total 48128K, used 14143K [0x00000000c0000000, 0x0000000100000000)
  region size 1024K, 0 young (0K), 0 survivors (0K)
 Metaspace       used 34436K, committed 34944K, reserved 1081344K
  class space    used 4465K, committed 4672K, reserved 1048576K
}
Event: 841.556 GC heap before
{Heap before GC invocations=88 (full 77):
 garbage-first heap   total 48128K, used 14143K [0x00000000c0000000, 0x0000000100000000)
  region size 1024K, 1 young (1024K), 0 survivors (0K)
 Metaspace       used 34436K, committed 34944K, reserved 1081344K
  class space    used 4465K, committed 4672K, reserved 1048576K
}
Event: 841.572 GC heap after
{Heap after GC invocations=89 (full 78):
 garbage-first heap   total 48128K, used 14143K [0x00000000c0000000, 0x0000000100000000)
  region size 1024K, 0 young (0K), 0 survivors (0K)
 Metaspace       used 34436K, committed 34944K, reserved 1081344K
  class space    used 4465K, committed 4672K, reserved 1048576K
}
Event: 851.853 GC heap before
{Heap before GC invocations=89 (full 78):
 garbage-first heap   total 48128K, used 14143K [0x00000000c0000000, 0x0000000100000000)
  region size 1024K, 1 young (1024K), 0 survivors (0K)
 Metaspace       used 34436K, committed 34944K, reserved 1081344K
  class space    used 4465K, committed 4672K, reserved 1048576K
}
Event: 851.977 GC heap after
{Heap after GC invocations=90 (full 79):
 garbage-first heap   total 48128K, used 14143K [0x00000000c0000000, 0x0000000100000000)
  region size 1024K, 0 young (0K), 0 survivors (0K)
 Metaspace       used 34436K, committed 34944K, reserved 1081344K
  class space    used 4465K, committed 4672K, reserved 1048576K
}
Event: 912.269 GC heap before
{Heap before GC invocations=90 (full 79):
 garbage-first heap   total 48128K, used 15167K [0x00000000c0000000, 0x0000000100000000)
  region size 1024K, 2 young (2048K), 0 survivors (0K)
 Metaspace       used 34458K, committed 34944K, reserved 1081344K
  class space    used 4473K, committed 4672K, reserved 1048576K
}
Event: 912.411 GC heap after
{Heap after GC invocations=91 (full 80):
 garbage-first heap   total 48128K, used 14491K [0x00000000c0000000, 0x0000000100000000)
  region size 1024K, 0 young (0K), 0 survivors (0K)
 Metaspace       used 34458K, committed 34944K, reserved 1081344K
  class space    used 4473K, committed 4672K, reserved 1048576K
}
Event: 922.540 GC heap before
{Heap before GC invocations=91 (full 80):
 garbage-first heap   total 48128K, used 14491K [0x00000000c0000000, 0x0000000100000000)
  region size 1024K, 1 young (1024K), 0 survivors (0K)
 Metaspace       used 34458K, committed 34944K, reserved 1081344K
  class space    used 4473K, committed 4672K, reserved 1048576K
}
Event: 922.718 GC heap after
{Heap after GC invocations=92 (full 81):
 garbage-first heap   total 48128K, used 14177K [0x00000000c0000000, 0x0000000100000000)
  region size 1024K, 0 young (0K), 0 survivors (0K)
 Metaspace       used 34452K, committed 34944K, reserved 1081344K
  class space    used 4471K, committed 4672K, reserved 1048576K
}
Event: 933.143 GC heap before
{Heap before GC invocations=92 (full 81):
 garbage-first heap   total 48128K, used 14177K [0x00000000c0000000, 0x0000000100000000)
  region size 1024K, 1 young (1024K), 0 survivors (0K)
 Metaspace       used 34452K, committed 34944K, reserved 1081344K
  class space    used 4471K, committed 4672K, reserved 1048576K
}
Event: 933.411 GC heap after
{Heap after GC invocations=93 (full 82):
 garbage-first heap   total 48128K, used 14177K [0x00000000c0000000, 0x0000000100000000)
  region size 1024K, 0 young (0K), 0 survivors (0K)
 Metaspace       used 34452K, committed 34944K, reserved 1081344K
  class space    used 4471K, committed 4672K, reserved 1048576K
}
Event: 943.807 GC heap before
{Heap before GC invocations=93 (full 82):
 garbage-first heap   total 48128K, used 14177K [0x00000000c0000000, 0x0000000100000000)
  region size 1024K, 1 young (1024K), 0 survivors (0K)
 Metaspace       used 34452K, committed 34944K, reserved 1081344K
  class space    used 4471K, committed 4672K, reserved 1048576K
}
Event: 943.981 GC heap after
{Heap after GC invocations=94 (full 83):
 garbage-first heap   total 48128K, used 14176K [0x00000000c0000000, 0x0000000100000000)
  region size 1024K, 0 young (0K), 0 survivors (0K)
 Metaspace       used 34452K, committed 34944K, reserved 1081344K
  class space    used 4471K, committed 4672K, reserved 1048576K
}

Dll operation events (7 events):
Event: 0.011 Loaded shared library c:\Users\TANVI\.vscode\extensions\redhat.java-1.16.0-win32-x64\jre\17.0.6-win32-x86_64\bin\java.dll
Event: 0.318 Loaded shared library C:\Users\TANVI\.vscode\extensions\redhat.java-1.16.0-win32-x64\jre\17.0.6-win32-x86_64\bin\net.dll
Event: 0.324 Loaded shared library C:\Users\TANVI\.vscode\extensions\redhat.java-1.16.0-win32-x64\jre\17.0.6-win32-x86_64\bin\nio.dll
Event: 0.339 Loaded shared library C:\Users\TANVI\.vscode\extensions\redhat.java-1.16.0-win32-x64\jre\17.0.6-win32-x86_64\bin\zip.dll
Event: 1.688 Loaded shared library C:\Users\TANVI\.vscode\extensions\redhat.java-1.16.0-win32-x64\jre\17.0.6-win32-x86_64\bin\jimage.dll
Event: 5.824 Loaded shared library C:\Users\TANVI\.vscode\extensions\redhat.java-1.16.0-win32-x64\jre\17.0.6-win32-x86_64\bin\management.dll
Event: 5.830 Loaded shared library C:\Users\TANVI\.vscode\extensions\redhat.java-1.16.0-win32-x64\jre\17.0.6-win32-x86_64\bin\management_ext.dll

Deoptimization events (6 events):
Event: 3.341 Thread 0x000002c4a0556930 DEOPT PACKING pc=0x000002c4a3656b99 sp=0x000000e07b9fd5e0
Event: 3.341 Thread 0x000002c4a0556930 DEOPT UNPACKING pc=0x000002c4a323ace3 sp=0x000000e07b9fcac0 mode 3
Event: 6.017 Thread 0x000002c4ad0d4570 DEOPT PACKING pc=0x000002c4a385dbb5 sp=0x000000e07d4fd370
Event: 6.017 Thread 0x000002c4ad0d4570 DEOPT UNPACKING pc=0x000002c4a323ace3 sp=0x000000e07d4fc898 mode 3
Event: 852.508 Thread 0x000002c4abdc7a60 DEOPT PACKING pc=0x000002c4a36d75d4 sp=0x000000e07d3fecb0
Event: 852.509 Thread 0x000002c4abdc7a60 DEOPT UNPACKING pc=0x000002c4a323ace3 sp=0x000000e07d3fe158 mode 0

Classes unloaded (20 events):
Event: 56.344 Thread 0x000002c4aaa6d0c0 Unloading class 0x0000000100091800 'java/lang/invoke/LambdaForm$MH+0x0000000100091800'
Event: 56.344 Thread 0x000002c4aaa6d0c0 Unloading class 0x0000000100091400 'java/lang/invoke/LambdaForm$MH+0x0000000100091400'
Event: 56.344 Thread 0x000002c4aaa6d0c0 Unloading class 0x0000000100091000 'java/lang/invoke/LambdaForm$MH+0x0000000100091000'
Event: 56.344 Thread 0x000002c4aaa6d0c0 Unloading class 0x0000000100090c00 'java/lang/invoke/LambdaForm$MH+0x0000000100090c00'
Event: 56.344 Thread 0x000002c4aaa6d0c0 Unloading class 0x0000000100090800 'java/lang/invoke/LambdaForm$MH+0x0000000100090800'
Event: 56.344 Thread 0x000002c4aaa6d0c0 Unloading class 0x0000000100090400 'java/lang/invoke/LambdaForm$MH+0x0000000100090400'
Event: 56.344 Thread 0x000002c4aaa6d0c0 Unloading class 0x0000000100090000 'java/lang/invoke/LambdaForm$MH+0x0000000100090000'
Event: 56.344 Thread 0x000002c4aaa6d0c0 Unloading class 0x000000010008b800 'java/lang/invoke/LambdaForm$MH+0x000000010008b800'
Event: 56.344 Thread 0x000002c4aaa6d0c0 Unloading class 0x000000010008b400 'java/lang/invoke/LambdaForm$MH+0x000000010008b400'
Event: 56.344 Thread 0x000002c4aaa6d0c0 Unloading class 0x000000010008b000 'java/lang/invoke/LambdaForm$MH+0x000000010008b000'
Event: 56.344 Thread 0x000002c4aaa6d0c0 Unloading class 0x000000010008ac00 'java/lang/invoke/LambdaForm$MH+0x000000010008ac00'
Event: 56.344 Thread 0x000002c4aaa6d0c0 Unloading class 0x000000010008a800 'java/lang/invoke/LambdaForm$MH+0x000000010008a800'
Event: 56.344 Thread 0x000002c4aaa6d0c0 Unloading class 0x000000010008a400 'java/lang/invoke/LambdaForm$MH+0x000000010008a400'
Event: 56.344 Thread 0x000002c4aaa6d0c0 Unloading class 0x0000000100089c00 'java/lang/invoke/LambdaForm$MH+0x0000000100089c00'
Event: 56.344 Thread 0x000002c4aaa6d0c0 Unloading class 0x0000000100089400 'java/lang/invoke/LambdaForm$MH+0x0000000100089400'
Event: 56.344 Thread 0x000002c4aaa6d0c0 Unloading class 0x0000000100088c00 'java/lang/invoke/LambdaForm$MH+0x0000000100088c00'
Event: 56.344 Thread 0x000002c4aaa6d0c0 Unloading class 0x0000000100088400 'java/lang/invoke/LambdaForm$MH+0x0000000100088400'
Event: 922.549 Thread 0x000002c4aaa6d0c0 Unloading class 0x0000000100374000 'java/lang/invoke/LambdaForm$MH+0x0000000100374000'
Event: 922.549 Thread 0x000002c4aaa6d0c0 Unloading class 0x0000000100374800 'java/lang/invoke/LambdaForm$MH+0x0000000100374800'
Event: 922.550 Thread 0x000002c4aaa6d0c0 Unloading class 0x000000010039e000 'java/lang/invoke/LambdaForm$MH+0x000000010039e000'

Classes redefined (0 events):
No events

Internal exceptions (20 events):
Event: 4.168 Thread 0x000002c4a0556930 Exception <a 'java/lang/NoSuchMethodError'{0x00000000c3b322d0}: 'int java.lang.invoke.Invokers$Holder.linkToTargetMethod(java.lang.Object, java.lang.Object)'> (0x00000000c3b322d0) 
thrown [s\src\hotspot\share\interpreter\linkResolver.cpp, line 759]
Event: 4.355 Thread 0x000002c4a0556930 Exception <a 'java/lang/NoSuchMethodError'{0x00000000c2c05e48}: 'java.lang.Object java.lang.invoke.DirectMethodHandle$Holder.invokeSpecial(java.lang.Object, java.lang.Object, java.lang.Object, java.lang.Object, java.lang.Object, java.lang.Object, java.lang.Object, java.lang.Object, java.lang.Object, java.lang.Object)'> (0x00000000c2c05e48) 
thrown [s\src\hotspot\share\interpreter\linkResolver.cpp, line 759]
Event: 4.355 Thread 0x000002c4a0556930 Exception <a 'java/lang/NoSuchMethodError'{0x00000000c2c0a430}: 'java.lang.Object java.lang.invoke.Invokers$Holder.invoke_MT(java.lang.Object, java.lang.Object, java.lang.Object, java.lang.Object, java.lang.Object, java.lang.Object, java.lang.Object, java.lang.Object, java.lang.Object, java.lang.Object)'> (0x00000000c2c0a430) 
thrown [s\src\hotspot\share\interpreter\linkResolver.cpp, line 759]
Event: 4.373 Thread 0x000002c4a0556930 Exception <a 'java/lang/NoSuchMethodError'{0x00000000c2c500c8}: 'java.lang.Object java.lang.invoke.DirectMethodHandle$Holder.invokeSpecial(java.lang.Object, java.lang.Object, int, java.lang.Object, java.lang.Object)'> (0x00000000c2c500c8) 
thrown [s\src\hotspot\share\interpreter\linkResolver.cpp, line 759]
Event: 4.373 Thread 0x000002c4a0556930 Exception <a 'java/lang/NoSuchMethodError'{0x00000000c2c53d70}: 'java.lang.Object java.lang.invoke.DelegatingMethodHandle$Holder.delegate(java.lang.Object, int, java.lang.Object, java.lang.Object)'> (0x00000000c2c53d70) 
thrown [s\src\hotspot\share\interpreter\linkResolver.cpp, line 759]
Event: 4.374 Thread 0x000002c4a0556930 Exception <a 'java/lang/NoSuchMethodError'{0x00000000c2c6a760}: 'int java.lang.invoke.Invokers$Holder.linkToTargetMethod(java.lang.Object, java.lang.Object, java.lang.Object)'> (0x00000000c2c6a760) 
thrown [s\src\hotspot\share\interpreter\linkResolver.cpp, line 759]
Event: 4.576 Thread 0x000002c4a0556930 Exception <a 'java/lang/NoSuchMethodError'{0x00000000c2ad8190}: 'void java.lang.invoke.DirectMethodHandle$Holder.invokeSpecial(java.lang.Object, java.lang.Object, java.lang.Object, java.lang.Object, java.lang.Object, java.lang.Object)'> (0x00000000c2ad8190) 
thrown [s\src\hotspot\share\interpreter\linkResolver.cpp, line 759]
Event: 4.668 Thread 0x000002c4a0556930 Exception <a 'java/lang/NoSuchMethodError'{0x00000000c2878fd0}: 'java.lang.Object java.lang.invoke.DirectMethodHandle$Holder.invokeStaticInit(java.lang.Object, int, int, int, int)'> (0x00000000c2878fd0) 
thrown [s\src\hotspot\share\interpreter\linkResolver.cpp, line 759]
Event: 4.771 Thread 0x000002c4a0556930 Exception <a 'java/lang/NoSuchMethodError'{0x00000000c275ebc8}: 'java.lang.Object java.lang.invoke.DirectMethodHandle$Holder.invokeStaticInit(java.lang.Object, java.lang.Object, int, int, int, int)'> (0x00000000c275ebc8) 
thrown [s\src\hotspot\share\interpreter\linkResolver.cpp, line 759]
Event: 5.060 Thread 0x000002c4a0556930 Exception <a 'java/lang/NoSuchMethodError'{0x00000000c20de2b8}: 'void java.lang.invoke.DirectMethodHandle$Holder.invokeSpecialIFC(java.lang.Object, java.lang.Object, java.lang.Object)'> (0x00000000c20de2b8) 
thrown [s\src\hotspot\share\interpreter\linkResolver.cpp, line 759]
Event: 5.700 Thread 0x000002c4a0556930 Exception <a 'java/lang/NoSuchMethodError'{0x00000000c20cff68}: 'java.lang.Object java.lang.invoke.DirectMethodHandle$Holder.invokeInterface(java.lang.Object, java.lang.Object, int)'> (0x00000000c20cff68) 
thrown [s\src\hotspot\share\interpreter\linkResolver.cpp, line 759]
Event: 5.701 Thread 0x000002c4a0556930 Exception <a 'java/lang/IncompatibleClassChangeError'{0x00000000c20e3100}: Found class java.lang.Object, but interface was expected> (0x00000000c20e3100) 
thrown [s\src\hotspot\share\interpreter\linkResolver.cpp, line 826]
Event: 5.811 Thread 0x000002c4a0556930 Exception <a 'java/lang/NoSuchMethodError'{0x00000000c2ce68c8}: 'java.lang.Object java.lang.invoke.DirectMethodHandle$Holder.newInvokeSpecial(java.lang.Object, java.lang.Object, int, java.lang.Object, java.lang.Object)'> (0x00000000c2ce68c8) 
thrown [s\src\hotspot\share\interpreter\linkResolver.cpp, line 759]
Event: 5.812 Thread 0x000002c4a0556930 Exception <a 'java/lang/NoSuchMethodError'{0x00000000c2cf8b70}: 'java.lang.Object java.lang.invoke.DirectMethodHandle$Holder.invokeSpecial(java.lang.Object, java.lang.Object, int, java.lang.Object, int, java.lang.Object)'> (0x00000000c2cf8b70) 
thrown [s\src\hotspot\share\interpreter\linkResolver.cpp, line 759]
Event: 5.812 Thread 0x000002c4a0556930 Exception <a 'java/lang/NoSuchMethodError'{0x00000000c2b009c8}: 'java.lang.Object java.lang.invoke.DirectMethodHandle$Holder.newInvokeSpecial(java.lang.Object, java.lang.Object, int, java.lang.Object, int)'> (0x00000000c2b009c8) 
thrown [s\src\hotspot\share\interpreter\linkResolver.cpp, line 759]
Event: 5.812 Thread 0x000002c4a0556930 Exception <a 'java/lang/NoSuchMethodError'{0x00000000c2b04ac8}: 'java.lang.Object java.lang.invoke.DirectMethodHandle$Holder.invokeSpecial(java.lang.Object, java.lang.Object, java.lang.Object, int, java.lang.Object, int)'> (0x00000000c2b04ac8) 
thrown [s\src\hotspot\share\interpreter\linkResolver.cpp, line 759]
Event: 6.014 Thread 0x000002c4ad0d4570 Exception <a 'java/lang/NoSuchMethodError'{0x00000000c2274e20}: 'java.lang.Object java.lang.invoke.DirectMethodHandle$Holder.invokeStatic(java.lang.Object, int, java.lang.Object)'> (0x00000000c2274e20) 
thrown [s\src\hotspot\share\interpreter\linkResolver.cpp, line 759]
Event: 6.033 Thread 0x000002c4abdc7a60 Exception <a 'java/lang/NoSuchMethodError'{0x00000000c22c6010}: 'java.lang.Object java.lang.invoke.DirectMethodHandle$Holder.invokeStatic(java.lang.Object, java.lang.Object, java.lang.Object, int, java.lang.Object, java.lang.Object)'> (0x00000000c22c6010) 
thrown [s\src\hotspot\share\interpreter\linkResolver.cpp, line 759]
Event: 45.983 Thread 0x000002c4ad278ed0 Exception <a 'java/lang/NoSuchMethodError'{0x00000000c3b2dce0}: 'void java.lang.invoke.DirectMethodHandle$Holder.invokeStatic(java.lang.Object, long)'> (0x00000000c3b2dce0) 
thrown [s\src\hotspot\share\interpreter\linkResolver.cpp, line 759]
Event: 45.996 Thread 0x000002c4ad278ed0 Exception <a 'java/lang/NoSuchMethodError'{0x00000000c3b33088}: 'java.lang.Object java.lang.invoke.DirectMethodHandle$Holder.newInvokeSpecial(java.lang.Object, long)'> (0x00000000c3b33088) 
thrown [s\src\hotspot\share\interpreter\linkResolver.cpp, line 759]

VM Operations (20 events):
Event: 852.983 Executing VM operation: Cleanup done
Event: 856.011 Executing VM operation: Cleanup
Event: 856.013 Executing VM operation: Cleanup done
Event: 868.087 Executing VM operation: Cleanup
Event: 868.087 Executing VM operation: Cleanup done
Event: 872.118 Executing VM operation: Cleanup
Event: 872.118 Executing VM operation: Cleanup done
Event: 876.153 Executing VM operation: Cleanup
Event: 876.153 Executing VM operation: Cleanup done
Event: 912.263 Executing VM operation: G1CollectFull
Event: 912.412 Executing VM operation: G1CollectFull done
Event: 922.539 Executing VM operation: G1CollectFull
Event: 922.718 Executing VM operation: G1CollectFull done
Event: 933.131 Executing VM operation: G1CollectFull
Event: 933.412 Executing VM operation: G1CollectFull done
Event: 941.470 Executing VM operation: Cleanup
Event: 941.472 Executing VM operation: Cleanup done
Event: 943.803 Executing VM operation: G1CollectFull
Event: 943.981 Executing VM operation: G1CollectFull done
Event: 954.047 Executing VM operation: G1CollectFull

Events (20 events):
Event: 6.131 loading class java/util/concurrent/CompletableFuture$UniRelay done
Event: 11.153 Thread 0x000002c4ab6a6c00 Thread exited: 0x000002c4ab6a6c00
Event: 45.925 loading class java/lang/ProcessBuilder
Event: 45.959 loading class java/lang/ProcessBuilder done
Event: 45.960 loading class java/lang/ProcessImpl
Event: 45.967 loading class java/lang/Process
Event: 45.968 loading class java/lang/Process done
Event: 45.968 loading class java/lang/ProcessImpl done
Event: 45.999 loading class java/lang/ProcessImpl$2
Event: 46.000 loading class java/lang/ProcessImpl$2 done
Event: 46.001 loading class java/lang/Process$PipeInputStream
Event: 46.002 loading class java/lang/Process$PipeInputStream done
Event: 46.030 loading class jdk/internal/event/ProcessStartEvent
Event: 46.031 loading class jdk/internal/event/ProcessStartEvent done
Event: 46.118 loading class java/io/FileOutputStream$1
Event: 46.120 loading class java/io/FileOutputStream$1 done
Event: 66.146 Thread 0x000002c4ad48cd70 Thread exited: 0x000002c4ad48cd70
Event: 66.837 Thread 0x000002c4ad48ba30 Thread exited: 0x000002c4ad48ba30
Event: 852.790 Thread 0x000002c4ad48e580 Thread added: 0x000002c4ad48e580
Event: 941.319 Thread 0x000002c4ad48e580 Thread exited: 0x000002c4ad48e580


Dynamic libraries:
0x00007ff689600000 - 0x00007ff68960e000 	c:\Users\TANVI\.vscode\extensions\redhat.java-1.16.0-win32-x64\jre\17.0.6-win32-x86_64\bin\java.exe
0x00007fff3a7a0000 - 0x00007fff3a9a9000 	C:\WINDOWS\SYSTEM32\ntdll.dll
0x00007fff399e0000 - 0x00007fff39a9e000 	C:\WINDOWS\System32\KERNEL32.DLL
0x00007fff37c70000 - 0x00007fff37fec000 	C:\WINDOWS\System32\KERNELBASE.dll
0x00007fff380e0000 - 0x00007fff381f1000 	C:\WINDOWS\System32\ucrtbase.dll
0x00007fff102f0000 - 0x00007fff10309000 	c:\Users\TANVI\.vscode\extensions\redhat.java-1.16.0-win32-x64\jre\17.0.6-win32-x86_64\bin\VCRUNTIME140.dll
0x00007fff2d770000 - 0x00007fff2d787000 	c:\Users\TANVI\.vscode\extensions\redhat.java-1.16.0-win32-x64\jre\17.0.6-win32-x86_64\bin\jli.dll
0x00007fff388d0000 - 0x00007fff38a7d000 	C:\WINDOWS\System32\USER32.dll
0x00007fff385f0000 - 0x00007fff38616000 	C:\WINDOWS\System32\win32u.dll
0x00007fff386a0000 - 0x00007fff386c9000 	C:\WINDOWS\System32\GDI32.dll
0x00007fff22410000 - 0x00007fff226b5000 	C:\WINDOWS\WinSxS\amd64_microsoft.windows.common-controls_6595b64144ccf1df_6.0.22000.120_none_9d947278b86cc467\COMCTL32.dll
0x00007fff3a6b0000 - 0x00007fff3a753000 	C:\WINDOWS\System32\msvcrt.dll
0x00007fff38200000 - 0x00007fff38318000 	C:\WINDOWS\System32\gdi32full.dll
0x00007fff38550000 - 0x00007fff385ed000 	C:\WINDOWS\System32\msvcp_win.dll
0x00007fff38a80000 - 0x00007fff38ab1000 	C:\WINDOWS\System32\IMM32.DLL
0x00007fff222b0000 - 0x00007fff222bc000 	c:\Users\TANVI\.vscode\extensions\redhat.java-1.16.0-win32-x64\jre\17.0.6-win32-x86_64\bin\vcruntime140_1.dll
0x00007ffeefeb0000 - 0x00007ffeeff41000 	c:\Users\TANVI\.vscode\extensions\redhat.java-1.16.0-win32-x64\jre\17.0.6-win32-x86_64\bin\msvcp140.dll
0x00007ffedc0d0000 - 0x00007ffedcd17000 	c:\Users\TANVI\.vscode\extensions\redhat.java-1.16.0-win32-x64\jre\17.0.6-win32-x86_64\bin\server\jvm.dll
0x00007fff394b0000 - 0x00007fff3955e000 	C:\WINDOWS\System32\ADVAPI32.dll
0x00007fff3a610000 - 0x00007fff3a6ae000 	C:\WINDOWS\System32\sechost.dll
0x00007fff39380000 - 0x00007fff394a0000 	C:\WINDOWS\System32\RPCRT4.dll
0x00007fff2fd50000 - 0x00007fff2fd83000 	C:\WINDOWS\SYSTEM32\WINMM.dll
0x00007fff33700000 - 0x00007fff33709000 	C:\WINDOWS\SYSTEM32\WSOCK32.dll
0x00007fff39d00000 - 0x00007fff39d6f000 	C:\WINDOWS\System32\WS2_32.dll
0x00007fff2ce20000 - 0x00007fff2ce2a000 	C:\WINDOWS\SYSTEM32\VERSION.dll
0x00007fff36de0000 - 0x00007fff36df8000 	C:\WINDOWS\SYSTEM32\kernel.appcore.dll
0x00007fff222a0000 - 0x00007fff222aa000 	c:\Users\TANVI\.vscode\extensions\redhat.java-1.16.0-win32-x64\jre\17.0.6-win32-x86_64\bin\jimage.dll
0x00007fff35700000 - 0x00007fff35921000 	C:\WINDOWS\SYSTEM32\DBGHELP.DLL
0x00007fff23150000 - 0x00007fff23181000 	C:\WINDOWS\SYSTEM32\dbgcore.DLL
0x00007fff37ff0000 - 0x00007fff3806f000 	C:\WINDOWS\System32\bcryptPrimitives.dll
0x00007fff12030000 - 0x00007fff12055000 	c:\Users\TANVI\.vscode\extensions\redhat.java-1.16.0-win32-x64\jre\17.0.6-win32-x86_64\bin\java.dll
0x00007fff112d0000 - 0x00007fff112e8000 	c:\Users\TANVI\.vscode\extensions\redhat.java-1.16.0-win32-x64\jre\17.0.6-win32-x86_64\bin\zip.dll
0x00007fff38ac0000 - 0x00007fff39285000 	C:\WINDOWS\System32\SHELL32.dll
0x00007fff35d60000 - 0x00007fff365c5000 	C:\WINDOWS\SYSTEM32\windows.storage.dll
0x00007fff395e0000 - 0x00007fff39956000 	C:\WINDOWS\System32\combase.dll
0x00007fff35bf0000 - 0x00007fff35d56000 	C:\WINDOWS\SYSTEM32\wintypes.dll
0x00007fff39290000 - 0x00007fff3937a000 	C:\WINDOWS\System32\SHCORE.dll
0x00007fff39c80000 - 0x00007fff39cdd000 	C:\WINDOWS\System32\shlwapi.dll
0x00007fff37ba0000 - 0x00007fff37bc1000 	C:\WINDOWS\SYSTEM32\profapi.dll
0x00007fff05740000 - 0x00007fff05759000 	C:\Users\TANVI\.vscode\extensions\redhat.java-1.16.0-win32-x64\jre\17.0.6-win32-x86_64\bin\net.dll
0x00007fff307e0000 - 0x00007fff308f2000 	C:\WINDOWS\SYSTEM32\WINHTTP.dll
0x00007fff37280000 - 0x00007fff372e7000 	C:\WINDOWS\system32\mswsock.dll
0x00007fff04d40000 - 0x00007fff04d55000 	C:\Users\TANVI\.vscode\extensions\redhat.java-1.16.0-win32-x64\jre\17.0.6-win32-x86_64\bin\nio.dll
0x00007fff374c0000 - 0x00007fff374d8000 	C:\WINDOWS\SYSTEM32\CRYPTSP.dll
0x00007fff36d40000 - 0x00007fff36d75000 	C:\WINDOWS\system32\rsaenh.dll
0x00007fff37370000 - 0x00007fff37399000 	C:\WINDOWS\SYSTEM32\USERENV.dll
0x00007fff37650000 - 0x00007fff37677000 	C:\WINDOWS\SYSTEM32\bcrypt.dll
0x00007fff374e0000 - 0x00007fff374ec000 	C:\WINDOWS\SYSTEM32\CRYPTBASE.dll
0x00007fff36910000 - 0x00007fff3693d000 	C:\WINDOWS\SYSTEM32\IPHLPAPI.DLL
0x00007fff39c70000 - 0x00007fff39c79000 	C:\WINDOWS\System32\NSI.dll
0x00007fff307c0000 - 0x00007fff307d9000 	C:\WINDOWS\SYSTEM32\dhcpcsvc6.DLL
0x00007fff30a00000 - 0x00007fff30a1e000 	C:\WINDOWS\SYSTEM32\dhcpcsvc.DLL
0x00007fff36940000 - 0x00007fff36a28000 	C:\WINDOWS\SYSTEM32\DNSAPI.dll
0x00007fff337b0000 - 0x00007fff337b9000 	C:\Users\TANVI\.vscode\extensions\redhat.java-1.16.0-win32-x64\jre\17.0.6-win32-x86_64\bin\management.dll
0x00007fff2b1f0000 - 0x00007fff2b1fb000 	C:\Users\TANVI\.vscode\extensions\redhat.java-1.16.0-win32-x64\jre\17.0.6-win32-x86_64\bin\management_ext.dll
0x00007fff39c60000 - 0x00007fff39c68000 	C:\WINDOWS\System32\PSAPI.DLL

dbghelp: loaded successfully - version: 4.0.5 - missing functions: none
symbol engine: initialized successfully - sym options: 0x614 - pdb path: .;c:\Users\TANVI\.vscode\extensions\redhat.java-1.16.0-win32-x64\jre\17.0.6-win32-x86_64\bin;C:\WINDOWS\SYSTEM32;C:\WINDOWS\WinSxS\amd64_microsoft.windows.common-controls_6595b64144ccf1df_6.0.22000.120_none_9d947278b86cc467;c:\Users\TANVI\.vscode\extensions\redhat.java-1.16.0-win32-x64\jre\17.0.6-win32-x86_64\bin\server

VM Arguments:
jvm_args: -XX:+HeapDumpOnOutOfMemoryError -Xmx1024m -Dsts.lsp.client=vscode -Dsts.log.file=/dev/null -XX:TieredStopAtLevel=1 -Xlog:jni+resolve=off -Dspring.config.location=file:c:\Users\TANVI\.vscode\extensions\vmware.vscode-spring-boot-1.45.0\language-server\BOOT-INF\classes\application.properties 
java_command: org.springframework.ide.vscode.boot.app.BootLanguageServerBootApp
java_class_path (initial): c:\Users\TANVI\.vscode\extensions\vmware.vscode-spring-boot-1.45.0\language-server\BOOT-INF\classes;c:\Users\TANVI\.vscode\extensions\vmware.vscode-spring-boot-1.45.0\language-server\BOOT-INF\lib\annotations-24.0.1.jar;c:\Users\TANVI\.vscode\extensions\vmware.vscode-spring-boot-1.45.0\language-server\BOOT-INF\lib\ant-1.10.13.jar;c:\Users\TANVI\.vscode\extensions\vmware.vscode-spring-boot-1.45.0\language-server\BOOT-INF\lib\ant-launcher-1.10.13.jar;c:\Users\TANVI\.vscode\extensions\vmware.vscode-spring-boot-1.45.0\language-server\BOOT-INF\lib\antlr-runtime-3.5.3.jar;c:\Users\TANVI\.vscode\extensions\vmware.vscode-spring-boot-1.45.0\language-server\BOOT-INF\lib\antlr4-4.11.1.jar;c:\Users\TANVI\.vscode\extensions\vmware.vscode-spring-boot-1.45.0\language-server\BOOT-INF\lib\antlr4-runtime-4.11.1.jar;c:\Users\TANVI\.vscode\extensions\vmware.vscode-spring-boot-1.45.0\language-server\BOOT-INF\lib\asm-9.4.jar;c:\Users\TANVI\.vscode\extensions\vmware.vscode-spring-boot-1.45.0\language-server\BOOT-INF\lib\asm-analysis-9.4.jar;c:\Users\TANVI\.vscode\extensions\vmware.vscode-spring-boot-1.45.0\language-server\BOOT-INF\lib\asm-tree-9.4.jar;c:\Users\TANVI\.vscode\extensions\vmware.vscode-spring-boot-1.45.0\language-server\BOOT-INF\lib\asm-util-9.4.jar;c:\Users\TANVI\.vscode\extensions\vmware.vscode-spring-boot-1.45.0\language-server\BOOT-INF\lib\caffeine-3.1.2.jar;c:\Users\TANVI\.vscode\extensions\vmware.vscode-spring-boot-1.45.0\language-server\BOOT-INF\lib\checker-qual-3.12.0.jar;c:\Users\TANVI\.vscode\extensions\vmware.vscode-spring-boot-1.45.0\language-server\BOOT-INF\lib\classgraph-4.8.149.jar;c:\Users\TANVI\.vscode\extensions\vmware.vscode-spring-boot-1.45.0\language-server\BOOT-INF\lib\commons-codec-1.15.jar;c:\Users\TANVI\.vscode\extensions\vmware.vscode-spring-boot-1.45.0\language-server\BOOT-INF\lib\commons-compress-1.22.jar;c:\Users\TANVI\.vscode\extensions\vmware.vscode-spring-boot-1.45.0\language-server\BOOT-INF\lib\commons-io-2.4.jar;c:
Launcher Type: SUN_STANDARD

[Global flags]
     intx CICompilerCount                          = 3                                         {product} {ergonomic}
     uint ConcGCThreads                            = 1                                         {product} {ergonomic}
     uint G1ConcRefinementThreads                  = 4                                         {product} {ergonomic}
   size_t G1HeapRegionSize                         = 1048576                                   {product} {ergonomic}
    uintx GCDrainStackTargetSize                   = 64                                        {product} {ergonomic}
     bool HeapDumpOnOutOfMemoryError               = true                                   {manageable} {command line}
   size_t InitialHeapSize                          = 62914560                                  {product} {ergonomic}
   size_t MarkStackSize                            = 4194304                                   {product} {ergonomic}
   size_t MaxHeapSize                              = 1073741824                                {product} {command line}
   size_t MaxNewSize                               = 643825664                                 {product} {ergonomic}
   size_t MinHeapDeltaBytes                        = 1048576                                   {product} {ergonomic}
   size_t MinHeapSize                              = 8388608                                   {product} {ergonomic}
    uintx NonProfiledCodeHeapSize                  = 0                                      {pd product} {ergonomic}
     bool ProfileInterpreter                       = false                                  {pd product} {command line}
    uintx ProfiledCodeHeapSize                     = 0                                      {pd product} {ergonomic}
   size_t SoftMaxHeapSize                          = 1073741824                             {manageable} {ergonomic}
     intx TieredStopAtLevel                        = 1                                         {product} {command line}
     bool UseCompressedClassPointers               = true                           {product lp64_product} {ergonomic}
     bool UseCompressedOops                        = true                           {product lp64_product} {ergonomic}
     bool UseG1GC                                  = true                                      {product} {ergonomic}
     bool UseLargePagesIndividualAllocation        = false                                  {pd product} {ergonomic}

Logging:
Log output configuration:
 #0: stdout all=warning,jni+resolve=off uptime,level,tags
 #1: stderr all=off uptime,level,tags

Environment Variables:
JAVA_HOME=C:\Program Files\Java\jdk-17.0.2
PATH=C:\oraclexe\app\oracle\product\10.2.0\server\bin;C:\Program Files\Common Files\Oracle\Java\javapath;C:\WINDOWS\system32;C:\WINDOWS;C:\WINDOWS\System32\Wbem;C:\WINDOWS\System32\WindowsPowerShell\v1.0\;C:\WINDOWS\System32\OpenSSH\;C:\Program Files\Java\jdk-17.0.2\bin;C:\MinGW\bin;C:\Program Files\Git\cmd;C:\Program Files\dotnet\;C:\Program Files\MongoDB\Server\6.0\bin;C:\Program Files\nodejs\;C:\Users\TANVI\anaconda3;C:\Users\TANVI\anaconda3\Library\mingw-w64\bin;C:\Users\TANVI\anaconda3\Library\usr\bin;C:\Users\TANVI\anaconda3\Library\bin;C:\Users\TANVI\anaconda3\Scripts;C:\Users\TANVI\AppData\Local\Programs\Python\Python38\Scripts\;C:\Users\TANVI\AppData\Local\Programs\Python\Python38\;C:\Users\TANVI\AppData\Local\Microsoft\WindowsApps;C:\Program Files\JetBrains\PyCharm Community Edition 2021.3.2\bin;;C:\Users\TANVI\AppData\Local\Programs\Microsoft VS Code\bin;C:\Users\TANVI\AppData\Roaming\npm;C:\Users\TANVI\AppData\Local\Google\Cloud SDK\google-cloud-sdk\bin
USERNAME=TANVI
OS=Windows_NT
PROCESSOR_IDENTIFIER=Intel64 Family 6 Model 140 Stepping 1, GenuineIntel
TMP=C:\Users\TANVI\AppData\Local\Temp
TEMP=C:\Users\TANVI\AppData\Local\Temp



---------------  S Y S T E M  ---------------

OS:
 Windows 11 , 64 bit Build 22000 (10.0.22000.1516)
OS uptime: 2 days 17:32 hours

CPU: total 4 (initial active 4) (2 cores per cpu, 2 threads per core) family 6 model 140 stepping 1 microcode 0xa4, cx8, cmov, fxsr, ht, mmx, 3dnowpref, sse, sse2, sse3, ssse3, sse4.1, sse4.2, popcnt, lzcnt, tsc, tscinvbit, avx, avx2, aes, erms, clmul, bmi1, bmi2, adx, avx512f, avx512dq, avx512cd, avx512bw, avx512vl, sha, fma, vzeroupper, avx512_vpopcntdq, avx512_vpclmulqdq, avx512_vaes, avx512_vnni, clflush, clflushopt, clwb, avx512_vbmi2, avx512_vbmi

Memory: 4k page, system-wide physical 3818M (235M free)
TotalPageFile size 15594M (AvailPageFile size 5M)
current process WorkingSet (physical memory assigned to process): 8M, peak: 118M
current process commit charge ("private bytes"): 160M, peak: 168M

vm_info: OpenJDK 64-Bit Server VM (17.0.6+10) for windows-amd64 JRE (17.0.6+10), built on Jan 18 2023 10:08:59 by "temurin" with MS VC++ 16.7 (VS2019)

END.
